Replace Part ANT1 W3008 in D:\Job\AD_projects\Bluetooth_Device_on_nRF52820\Schematic_of_device.SchDoc with W3008 from TT_lib.SchLib
Replace Part C1 Ñ_Chip_0402_12p in D:\Job\AD_projects\Bluetooth_Device_on_nRF52820\Schematic_of_device.SchDoc with Ñ_Chip_0402_12p from TT_lib.SchLib
Replace Part C2 Ñ_Chip_0402_1u in D:\Job\AD_projects\Bluetooth_Device_on_nRF52820\Schematic_of_device.SchDoc with Ñ_Chip_0402_1u from TT_lib.SchLib
Replace Part C3 Ñ_Chip_0402_47n in D:\Job\AD_projects\Bluetooth_Device_on_nRF52820\Schematic_of_device.SchDoc with Ñ_Chip_0402_47n from TT_lib.SchLib
Replace Part C4 Ñ_Chip_0402_12p in D:\Job\AD_projects\Bluetooth_Device_on_nRF52820\Schematic_of_device.SchDoc with Ñ_Chip_0402_12p from TT_lib.SchLib
Replace Part C5 Ñ_Chip_0402_12p in D:\Job\AD_projects\Bluetooth_Device_on_nRF52820\Schematic_of_device.SchDoc with Ñ_Chip_0402_12p from TT_lib.SchLib
Replace Part C6 Ñ_Chip_0402_1u in D:\Job\AD_projects\Bluetooth_Device_on_nRF52820\Schematic_of_device.SchDoc with Ñ_Chip_0402_1u from TT_lib.SchLib
Replace Part C7 Ñ_Chip_0402_100n in D:\Job\AD_projects\Bluetooth_Device_on_nRF52820\Schematic_of_device.SchDoc with Ñ_Chip_0402_100n from TT_lib.SchLib
Replace Part C8 Ñ_Chip_0402_12p in D:\Job\AD_projects\Bluetooth_Device_on_nRF52820\Schematic_of_device.SchDoc with Ñ_Chip_0402_12p from TT_lib.SchLib
Replace Part C9 Ñ_Chip_1812_0u47 in D:\Job\AD_projects\Bluetooth_Device_on_nRF52820\Schematic_of_device.SchDoc with Ñ_Chip_1812_0u47 from TT_lib.SchLib
Replace Part C10 Ñ_Chip_1812_0u47 in D:\Job\AD_projects\Bluetooth_Device_on_nRF52820\Schematic_of_device.SchDoc with Ñ_Chip_1812_0u47 from TT_lib.SchLib
Replace Part C11 Ñ_Chip_0402_100p in D:\Job\AD_projects\Bluetooth_Device_on_nRF52820\Schematic_of_device.SchDoc with Ñ_Chip_0402_100p from TT_lib.SchLib
Replace Part C12 Ñ_Chip_0402_100n in D:\Job\AD_projects\Bluetooth_Device_on_nRF52820\Schematic_of_device.SchDoc with Ñ_Chip_0402_100n from TT_lib.SchLib
Replace Part C13 Ñ_Chip_0402_100n in D:\Job\AD_projects\Bluetooth_Device_on_nRF52820\Schematic_of_device.SchDoc with Ñ_Chip_0402_100n from TT_lib.SchLib
Replace Part C14 Ñ_Chip_0402_1p in D:\Job\AD_projects\Bluetooth_Device_on_nRF52820\Schematic_of_device.SchDoc with Ñ_Chip_0402_1p from TT_lib.SchLib
Replace Part C15 Ñ_Chip_0402_1p2 in D:\Job\AD_projects\Bluetooth_Device_on_nRF52820\Schematic_of_device.SchDoc with Ñ_Chip_0402_1p2 from TT_lib.SchLib
Replace Part C16 Ñ_Chip_0402_4u7 in D:\Job\AD_projects\Bluetooth_Device_on_nRF52820\Schematic_of_device.SchDoc with Ñ_Chip_0402_4u7 from TT_lib.SchLib
Replace Part C17 Ñ_Chip_0402_820p in D:\Job\AD_projects\Bluetooth_Device_on_nRF52820\Schematic_of_device.SchDoc with Ñ_Chip_0402_820p from TT_lib.SchLib
Replace Part C18 Ñ_Chip_0402_4u7 in D:\Job\AD_projects\Bluetooth_Device_on_nRF52820\Schematic_of_device.SchDoc with Ñ_Chip_0402_4u7 from TT_lib.SchLib
Replace Part C19 Ñ_Chip_0402_100n in D:\Job\AD_projects\Bluetooth_Device_on_nRF52820\Schematic_of_device.SchDoc with Ñ_Chip_0402_100n from TT_lib.SchLib
Replace Part C20 Ñ_Chip_0402_100n in D:\Job\AD_projects\Bluetooth_Device_on_nRF52820\Schematic_of_device.SchDoc with Ñ_Chip_0402_100n from TT_lib.SchLib
Replace Part C21 Ñ_Chip_0402_100n in D:\Job\AD_projects\Bluetooth_Device_on_nRF52820\Schematic_of_device.SchDoc with Ñ_Chip_0402_100n from TT_lib.SchLib
Replace Part C22 Ñ_Chip_0402_4u7 in D:\Job\AD_projects\Bluetooth_Device_on_nRF52820\Schematic_of_device.SchDoc with Ñ_Chip_0402_4u7 from TT_lib.SchLib
Replace Part C23 Ñ_Chip_0402_100n in D:\Job\AD_projects\Bluetooth_Device_on_nRF52820\Schematic_of_device.SchDoc with Ñ_Chip_0402_100n from TT_lib.SchLib
Replace Part C24 Ñ_Chip_0402_100n in D:\Job\AD_projects\Bluetooth_Device_on_nRF52820\Schematic_of_device.SchDoc with Ñ_Chip_0402_100n from TT_lib.SchLib
Replace Part C25 Ñ_Chip_0402_100n in D:\Job\AD_projects\Bluetooth_Device_on_nRF52820\Schematic_of_device.SchDoc with Ñ_Chip_0402_100n from TT_lib.SchLib
Replace Part C26 Ñ_Chip_0402_12p in D:\Job\AD_projects\Bluetooth_Device_on_nRF52820\Schematic_of_device.SchDoc with Ñ_Chip_0402_12p from TT_lib.SchLib
Replace Part C27 Ñ_Chip_0402_12p in D:\Job\AD_projects\Bluetooth_Device_on_nRF52820\Schematic_of_device.SchDoc with Ñ_Chip_0402_12p from TT_lib.SchLib
Replace Part C28 Ñ_Chip_0402_1u in D:\Job\AD_projects\Bluetooth_Device_on_nRF52820\Schematic_of_device.SchDoc with Ñ_Chip_0402_1u from TT_lib.SchLib
Replace Part C29 Ñ_Chip_0402_100n in D:\Job\AD_projects\Bluetooth_Device_on_nRF52820\Schematic_of_device.SchDoc with Ñ_Chip_0402_100n from TT_lib.SchLib
Replace Part C30 Ñ_Chip_0402_100n in D:\Job\AD_projects\Bluetooth_Device_on_nRF52820\Schematic_of_device.SchDoc with Ñ_Chip_0402_100n from TT_lib.SchLib
Replace Part C31 Ñ_Chip_0603_4u7 in D:\Job\AD_projects\Bluetooth_Device_on_nRF52820\Schematic_of_device.SchDoc with Ñ_Chip_0603_4u7 from TT_lib.SchLib
Replace Part C32 Ñ_Chip_0402_22p in D:\Job\AD_projects\Bluetooth_Device_on_nRF52820\Schematic_of_device.SchDoc with Ñ_Chip_0402_22p from TT_lib.SchLib
Replace Part C33 Ñ_Chip_0603_10u in D:\Job\AD_projects\Bluetooth_Device_on_nRF52820\Schematic_of_device.SchDoc with Ñ_Chip_0603_10u from TT_lib.SchLib
Replace Part FB1 Ferrite_Beads in D:\Job\AD_projects\Bluetooth_Device_on_nRF52820\Schematic_of_device.SchDoc with Ferrite_Beads from TT_lib.SchLib
Replace Part J1 3220-10-0300-00 in D:\Job\AD_projects\Bluetooth_Device_on_nRF52820\Schematic_of_device.SchDoc with 3220-10-0300-00 from TT_lib.SchLib
Replace Part J2 USB_TypeC in D:\Job\AD_projects\Bluetooth_Device_on_nRF52820\Schematic_of_device.SchDoc with USB_TypeC from TT_lib.SchLib
Replace Part K1 Relay in D:\Job\AD_projects\Bluetooth_Device_on_nRF52820\Schematic_of_device.SchDoc with Relay from TT_lib.SchLib
Replace Part K2 Button in D:\Job\AD_projects\Bluetooth_Device_on_nRF52820\Schematic_of_device.SchDoc with Button from TT_lib.SchLib
Replace Part L1 L_Chip_0402_15n in D:\Job\AD_projects\Bluetooth_Device_on_nRF52820\Schematic_of_device.SchDoc with L_Chip_0402_15n from TT_lib.SchLib
Replace Part L2 L_Chip_0402_10u in D:\Job\AD_projects\Bluetooth_Device_on_nRF52820\Schematic_of_device.SchDoc with L_Chip_0402_10u from TT_lib.SchLib
Replace Part L3 L_Chip_0402_4n7 in D:\Job\AD_projects\Bluetooth_Device_on_nRF52820\Schematic_of_device.SchDoc with L_Chip_0402_4n7 from TT_lib.SchLib
Replace Part L4 L_Chip_0402_2n2 in D:\Job\AD_projects\Bluetooth_Device_on_nRF52820\Schematic_of_device.SchDoc with L_Chip_0402_2n2 from TT_lib.SchLib
Replace Part L5 L_Chip_1008_2u2 in D:\Job\AD_projects\Bluetooth_Device_on_nRF52820\Schematic_of_device.SchDoc with L_Chip_1008_2u2 from TT_lib.SchLib
Replace Part Q1 N-chenal_MOSFET in D:\Job\AD_projects\Bluetooth_Device_on_nRF52820\Schematic_of_device.SchDoc with N-chenal_MOSFET from TT_lib.SchLib
Replace Part R1 R_Chip_0402_1k in D:\Job\AD_projects\Bluetooth_Device_on_nRF52820\Schematic_of_device.SchDoc with R_Chip_0402_1k from TT_lib.SchLib
Replace Part R2 R_Chip_0402_10k in D:\Job\AD_projects\Bluetooth_Device_on_nRF52820\Schematic_of_device.SchDoc with R_Chip_0402_10k from TT_lib.SchLib
Replace Part R3 R_Chip_1210_120 in D:\Job\AD_projects\Bluetooth_Device_on_nRF52820\Schematic_of_device.SchDoc with R_Chip_1210_120 from TT_lib.SchLib
Replace Part R4 R_Chip_0402_24k3 in D:\Job\AD_projects\Bluetooth_Device_on_nRF52820\Schematic_of_device.SchDoc with R_Chip_0402_24k3 from TT_lib.SchLib
Replace Part R5 R_Chip_0402_1k5 in D:\Job\AD_projects\Bluetooth_Device_on_nRF52820\Schematic_of_device.SchDoc with R_Chip_0402_1k5 from TT_lib.SchLib
Replace Part R6 R_Chip_0402_24k3 in D:\Job\AD_projects\Bluetooth_Device_on_nRF52820\Schematic_of_device.SchDoc with R_Chip_0402_24k3 from TT_lib.SchLib
Replace Part R7 R_Chip_0402_12k in D:\Job\AD_projects\Bluetooth_Device_on_nRF52820\Schematic_of_device.SchDoc with R_Chip_0402_12k from TT_lib.SchLib
Replace Part R8 R_Chip_0402_120 in D:\Job\AD_projects\Bluetooth_Device_on_nRF52820\Schematic_of_device.SchDoc with R_Chip_0402_120 from TT_lib.SchLib
Replace Part R9 R_Chip_0402_10k in D:\Job\AD_projects\Bluetooth_Device_on_nRF52820\Schematic_of_device.SchDoc with R_Chip_0402_10k from TT_lib.SchLib
Replace Part R10 R_Chip_0402_12k in D:\Job\AD_projects\Bluetooth_Device_on_nRF52820\Schematic_of_device.SchDoc with R_Chip_0402_12k from TT_lib.SchLib
Replace Part R11 R_Chip_0402_17k8 in D:\Job\AD_projects\Bluetooth_Device_on_nRF52820\Schematic_of_device.SchDoc with R_Chip_0402_17k8 from TT_lib.SchLib
Replace Part R12 R_Chip_0402_10k in D:\Job\AD_projects\Bluetooth_Device_on_nRF52820\Schematic_of_device.SchDoc with R_Chip_0402_10k from TT_lib.SchLib
Replace Part R13 R_Chip_0402_10k in D:\Job\AD_projects\Bluetooth_Device_on_nRF52820\Schematic_of_device.SchDoc with R_Chip_0402_10k from TT_lib.SchLib
Replace Part R14 R_Chip_0402_22 in D:\Job\AD_projects\Bluetooth_Device_on_nRF52820\Schematic_of_device.SchDoc with R_Chip_0402_22 from TT_lib.SchLib
Replace Part R15 R_Chip_0402_10k in D:\Job\AD_projects\Bluetooth_Device_on_nRF52820\Schematic_of_device.SchDoc with R_Chip_0402_10k from TT_lib.SchLib
Replace Part R16 R_Chip_0402_120 in D:\Job\AD_projects\Bluetooth_Device_on_nRF52820\Schematic_of_device.SchDoc with R_Chip_0402_120 from TT_lib.SchLib
Replace Part R17 R_Chip_0402_22 in D:\Job\AD_projects\Bluetooth_Device_on_nRF52820\Schematic_of_device.SchDoc with R_Chip_0402_22 from TT_lib.SchLib
Replace Part R18 R_Chip_0402_10k in D:\Job\AD_projects\Bluetooth_Device_on_nRF52820\Schematic_of_device.SchDoc with R_Chip_0402_10k from TT_lib.SchLib
Replace Part R19 R_Chip_0402_10k in D:\Job\AD_projects\Bluetooth_Device_on_nRF52820\Schematic_of_device.SchDoc with R_Chip_0402_10k from TT_lib.SchLib
Replace Part R20 R_Chip_0402_10k in D:\Job\AD_projects\Bluetooth_Device_on_nRF52820\Schematic_of_device.SchDoc with R_Chip_0402_10k from TT_lib.SchLib
Replace Part R21 R_Chip_0402_22 in D:\Job\AD_projects\Bluetooth_Device_on_nRF52820\Schematic_of_device.SchDoc with R_Chip_0402_22 from TT_lib.SchLib
Replace Part R22 R_Chip_0402_10k in D:\Job\AD_projects\Bluetooth_Device_on_nRF52820\Schematic_of_device.SchDoc with R_Chip_0402_10k from TT_lib.SchLib
Replace Part R23 R_Chip_0402_820k in D:\Job\AD_projects\Bluetooth_Device_on_nRF52820\Schematic_of_device.SchDoc with R_Chip_0402_820k from TT_lib.SchLib
Replace Part R24 R_Chip_0402_180k in D:\Job\AD_projects\Bluetooth_Device_on_nRF52820\Schematic_of_device.SchDoc with R_Chip_0402_180k from TT_lib.SchLib
Replace Part R25 R_Chip_0402_5k1 in D:\Job\AD_projects\Bluetooth_Device_on_nRF52820\Schematic_of_device.SchDoc with R_Chip_0402_5k1 from TT_lib.SchLib
Replace Part R26 R_Chip_0402_5k1 in D:\Job\AD_projects\Bluetooth_Device_on_nRF52820\Schematic_of_device.SchDoc with R_Chip_0402_5k1 from TT_lib.SchLib
Replace Part R27 R_Chip_0402_120 in D:\Job\AD_projects\Bluetooth_Device_on_nRF52820\Schematic_of_device.SchDoc with R_Chip_0402_120 from TT_lib.SchLib
Replace Part TP1 Test_Point in D:\Job\AD_projects\Bluetooth_Device_on_nRF52820\Schematic_of_device.SchDoc with Test_Point from TT_lib.SchLib
Replace Part TP2 Test_Point in D:\Job\AD_projects\Bluetooth_Device_on_nRF52820\Schematic_of_device.SchDoc with Test_Point from TT_lib.SchLib
Replace Part TP3 Test_Point in D:\Job\AD_projects\Bluetooth_Device_on_nRF52820\Schematic_of_device.SchDoc with Test_Point from TT_lib.SchLib
Replace Part TP4 Test_Point in D:\Job\AD_projects\Bluetooth_Device_on_nRF52820\Schematic_of_device.SchDoc with Test_Point from TT_lib.SchLib
Replace Part TP5 Test_Point in D:\Job\AD_projects\Bluetooth_Device_on_nRF52820\Schematic_of_device.SchDoc with Test_Point from TT_lib.SchLib
Replace Part TP6 Test_Point in D:\Job\AD_projects\Bluetooth_Device_on_nRF52820\Schematic_of_device.SchDoc with Test_Point from TT_lib.SchLib
Replace Part TP7 Test_Point in D:\Job\AD_projects\Bluetooth_Device_on_nRF52820\Schematic_of_device.SchDoc with Test_Point from TT_lib.SchLib
Replace Part TP8 Test_Point in D:\Job\AD_projects\Bluetooth_Device_on_nRF52820\Schematic_of_device.SchDoc with Test_Point from TT_lib.SchLib
Replace Part TP9 Test_Point in D:\Job\AD_projects\Bluetooth_Device_on_nRF52820\Schematic_of_device.SchDoc with Test_Point from TT_lib.SchLib
Replace Part TP10 Test_Point in D:\Job\AD_projects\Bluetooth_Device_on_nRF52820\Schematic_of_device.SchDoc with Test_Point from TT_lib.SchLib
Replace Part TP11 Test_Point in D:\Job\AD_projects\Bluetooth_Device_on_nRF52820\Schematic_of_device.SchDoc with Test_Point from TT_lib.SchLib
Replace Part TP12 Test_Point in D:\Job\AD_projects\Bluetooth_Device_on_nRF52820\Schematic_of_device.SchDoc with Test_Point from TT_lib.SchLib
Replace Part TP13 Test_Point in D:\Job\AD_projects\Bluetooth_Device_on_nRF52820\Schematic_of_device.SchDoc with Test_Point from TT_lib.SchLib
Replace Part TP14 Test_Point in D:\Job\AD_projects\Bluetooth_Device_on_nRF52820\Schematic_of_device.SchDoc with Test_Point from TT_lib.SchLib
Replace Part U1 nRF52820-QDAA in D:\Job\AD_projects\Bluetooth_Device_on_nRF52820\Schematic_of_device.SchDoc with nRF52820-QDAA from TT_lib.SchLib
Replace Part U2 OP_AMP_TLV9002IDDFR in D:\Job\AD_projects\Bluetooth_Device_on_nRF52820\Schematic_of_device.SchDoc with OP_AMP_TLV9002IDDFR from TT_lib.SchLib
Replace Part U3 ADC_MCP3553 in D:\Job\AD_projects\Bluetooth_Device_on_nRF52820\Schematic_of_device.SchDoc with ADC_MCP3553 from TT_lib.SchLib
Replace Part U4 RTC_M41T0 in D:\Job\AD_projects\Bluetooth_Device_on_nRF52820\Schematic_of_device.SchDoc with RTC_M41T0 from TT_lib.SchLib
Replace Part U5 RS485_ISL3179EFBZ in D:\Job\AD_projects\Bluetooth_Device_on_nRF52820\Schematic_of_device.SchDoc with RS485_ISL3179EFBZ from TT_lib.SchLib
Replace Part U6 TVS_D_GSOT03C-E3-08 in D:\Job\AD_projects\Bluetooth_Device_on_nRF52820\Schematic_of_device.SchDoc with TVS_D_GSOT03C-E3-08 from TT_lib.SchLib
Replace Part U7 TVS_Diod_USBLC6-2SC6 in D:\Job\AD_projects\Bluetooth_Device_on_nRF52820\Schematic_of_device.SchDoc with TVS_Diod_USBLC6-2SC6 from TT_lib.SchLib
Replace Part U8 TPS62260TDRVRQ1 in D:\Job\AD_projects\Bluetooth_Device_on_nRF52820\Schematic_of_device.SchDoc with TPS62260TDRVRQ1 from TT_lib.SchLib
Replace Part VD1 D_BAL74_215 in D:\Job\AD_projects\Bluetooth_Device_on_nRF52820\Schematic_of_device.SchDoc with D_BAL74_215 from TT_lib.SchLib
Replace Part VD2 150060YS75000 in D:\Job\AD_projects\Bluetooth_Device_on_nRF52820\Schematic_of_device.SchDoc with 150060YS75000 from TT_lib.SchLib
Replace Part VD3 TVS_diode_1chenal in D:\Job\AD_projects\Bluetooth_Device_on_nRF52820\Schematic_of_device.SchDoc with TVS_diode_1chenal from TT_lib.SchLib
Replace Part VD4 TVS_diode_1chenal in D:\Job\AD_projects\Bluetooth_Device_on_nRF52820\Schematic_of_device.SchDoc with TVS_diode_1chenal from TT_lib.SchLib
Replace Part VD5 TVS_diode_1chenal in D:\Job\AD_projects\Bluetooth_Device_on_nRF52820\Schematic_of_device.SchDoc with TVS_diode_1chenal from TT_lib.SchLib
Replace Part VD6 150060VS86000 in D:\Job\AD_projects\Bluetooth_Device_on_nRF52820\Schematic_of_device.SchDoc with 150060VS86000 from TT_lib.SchLib
Replace Part X1 X_Crystal_32MHz in D:\Job\AD_projects\Bluetooth_Device_on_nRF52820\Schematic_of_device.SchDoc with X_Crystal_32MHz from TT_lib.SchLib
Replace Part X2 X_Crystal_32_768kHz in D:\Job\AD_projects\Bluetooth_Device_on_nRF52820\Schematic_of_device.SchDoc with X_Crystal_32_768kHz from TT_lib.SchLib
Replace Part X3 Phoenix_2pin_male in D:\Job\AD_projects\Bluetooth_Device_on_nRF52820\Schematic_of_device.SchDoc with Phoenix_2pin_male from TT_lib.SchLib
Replace Part X4 Male_2_Position_Terminal_Block_Header in D:\Job\AD_projects\Bluetooth_Device_on_nRF52820\Schematic_of_device.SchDoc with Male_2_Position_Terminal_Block_Header from TT_lib.SchLib
Replace Part X5 X_Crystal_32_768kHz in D:\Job\AD_projects\Bluetooth_Device_on_nRF52820\Schematic_of_device.SchDoc with X_Crystal_32_768kHz from TT_lib.SchLib
Replace Part X6 Male_3_Position_Terminal_Block_Header in D:\Job\AD_projects\Bluetooth_Device_on_nRF52820\Schematic_of_device.SchDoc with Male_3_Position_Terminal_Block_Header from TT_lib.SchLib
